SF:C:\Users\gmarshall\CodeC#\C# Project\intermediate-programming-project-template\LogicProblems\LogicProblem.cs
FN:19,System.Double LogicProblems.LogicProblem::Average(System.Int32[])
FNDA:4,System.Double LogicProblems.LogicProblem::Average(System.Int32[])
DA:20,4
DA:21,4
DA:22,4
DA:23,4
DA:24,4
DA:25,1
DA:26,1
DA:28,18
DA:29,7
DA:30,7
DA:31,7
DA:32,1
DA:33,1
DA:35,6
DA:36,2
DA:37,2
DA:38,2
DA:39,3
BRDA:24,24,0,1
BRDA:24,24,1,3
BRDA:28,90,1,7
BRDA:31,61,0,1
BRDA:31,61,1,6
BRDA:28,90,0,2
FN:47,System.Decimal LogicProblems.LogicProblem::DistinctLadderPaths(System.Int32)
FNDA:6,System.Decimal LogicProblems.LogicProblem::DistinctLadderPaths(System.Int32)
DA:48,6
DA:49,6
DA:50,6
DA:51,6
DA:52,1
DA:53,1
DA:55,5
DA:56,1
DA:57,1
DA:59,322
DA:60,157
DA:61,157
DA:62,157
DA:63,157
DA:64,157
DA:65,4
DA:66,5
BRDA:51,21,0,1
BRDA:51,21,1,5
BRDA:55,41,0,1
BRDA:55,41,1,4
BRDA:59,93,1,157
BRDA:59,93,0,4
FN:75,System.Collections.Generic.List`1<System.Collections.Generic.List`1<System.String>> LogicProblems.LogicProblem::GroupStrings(System.String[])
FNDA:4,System.Collections.Generic.List`1<System.Collections.Generic.List`1<System.String>> LogicProblems.LogicProblem::GroupStrings(System.String[])
DA:76,4
DA:78,4
DA:80,4
DA:82,31
DA:83,10
DA:84,10
DA:85,1
DA:86,1
DA:89,9
DA:93,9
DA:94,4
DA:96,4
DA:97,4
DA:98,4
DA:100,5
DA:101,5
DA:102,5
DA:103,9
DA:104,3
DA:105,3
DA:106,3
BRDA:82,165,1,10
BRDA:84,40,0,1
BRDA:84,40,1,9
BRDA:93,106,0,4
BRDA:93,106,1,5
BRDA:82,165,0,3
FN:114,System.Int32 LogicProblems.LogicProblem::LastWordLength(System.String)
FNDA:4,System.Int32 LogicProblems.LogicProblem::LastWordLength(System.String)
DA:115,4
DA:116,4
DA:117,4
DA:118,4
DA:119,4
DA:120,1
DA:121,1
DA:123,3
DA:124,3
BRDA:119,43,0,1
BRDA:119,43,1,3
LF:65
LH:65
BRF:20
BRH:20
FNF:4
FNH:4
end_of_record